<?xml version="1.0" encoding="UTF-8"?>
<testsuite name="TestFlatMap" tests="2" skipped="0" failures="0" errors="0" timestamp="2019-01-05T15:59:51" hostname="osboxes" time="0.057">
  <properties/>
  <testcase name="testGetOrderedProductsSet" classname="TestFlatMap" time="0.05"/>
  <testcase name="testGetAllOrderedProducts" classname="TestFlatMap" time="0.006"/>
  <system-out><![CDATA[]]></system-out>
  <system-err><![CDATA[]]></system-err>
</testsuite>
