<?xml version="1.0" encoding="UTF-8"?>
<testsuite name="TestFunctions" tests="1" skipped="0" failures="0" errors="0" timestamp="2019-01-05T16:00:45" hostname="osboxes" time="0.033">
  <properties/>
  <testcase name="collection" classname="TestFunctions" time="0.033"/>
  <system-out><![CDATA[]]></system-out>
  <system-err><![CDATA[]]></system-err>
</testsuite>
