<?xml version="1.0" encoding="UTF-8"?>
<testsuite name="TetLazyProperty" tests="2" skipped="0" failures="0" errors="0" timestamp="2019-01-05T16:01:06" hostname="osboxes" time="0.015">
  <properties/>
  <testcase name="testLazy" classname="TetLazyProperty" time="0.009"/>
  <testcase name="initializedOnce" classname="TetLazyProperty" time="0.006"/>
  <system-out><![CDATA[]]></system-out>
  <system-err><![CDATA[]]></system-err>
</testsuite>
