<?xml version="1.0" encoding="UTF-8"?>
<testsuite name="TestDelegatesExamples" tests="2" skipped="0" failures="0" errors="0" timestamp="2019-01-05T16:01:02" hostname="osboxes" time="0.018">
  <properties/>
  <testcase name="testLazy" classname="TestDelegatesExamples" time="0.017"/>
  <testcase name="initializedOnce" classname="TestDelegatesExamples" time="0.0"/>
  <system-out><![CDATA[]]></system-out>
  <system-err><![CDATA[]]></system-err>
</testsuite>
