<?xml version="1.0" encoding="UTF-8"?>
<testsuite name="TestMultiAssignment" tests="1" skipped="0" failures="0" errors="0" timestamp="2019-01-05T16:00:19" hostname="osboxes" time="0.005">
  <properties/>
  <testcase name="testIsLeapDay" classname="TestMultiAssignment" time="0.005"/>
  <system-out><![CDATA[]]></system-out>
  <system-err><![CDATA[]]></system-err>
</testsuite>
