<?xml version="1.0" encoding="UTF-8"?>
<testsuite name="TestNamedArguments" tests="1" skipped="0" failures="0" errors="0" timestamp="2019-01-05T16:00:49" hostname="osboxes" time="0.049">
  <properties/>
  <testcase name="testJoinToString" classname="TestNamedArguments" time="0.049"/>
  <system-out><![CDATA[]]></system-out>
  <system-err><![CDATA[]]></system-err>
</testsuite>
