<?xml version="1.0" encoding="UTF-8"?>
<testsuite name="TestSmartCasts" tests="3" skipped="0" failures="0" errors="0" timestamp="2019-01-05T16:00:58" hostname="osboxes" time="0.017">
  <properties/>
  <testcase name="testNum" classname="TestSmartCasts" time="0.006"/>
  <testcase name="testSum" classname="TestSmartCasts" time="0.005"/>
  <testcase name="testRecursion" classname="TestSmartCasts" time="0.0"/>
  <system-out><![CDATA[]]></system-out>
  <system-err><![CDATA[]]></system-err>
</testsuite>
