<?xml version="1.0" encoding="UTF-8"?>
<testsuite name="TestHtmlBuilders" tests="2" skipped="0" failures="0" errors="0" timestamp="2019-01-05T15:59:31" hostname="osboxes" time="0.08">
  <properties/>
  <testcase name="productTableIsColored" classname="TestHtmlBuilders" time="0.073"/>
  <testcase name="productTableIsFilled" classname="TestHtmlBuilders" time="0.004"/>
  <system-out><![CDATA[]]></system-out>
  <system-err><![CDATA[]]></system-err>
</testsuite>
