<?xml version="1.0" encoding="UTF-8"?>
<testsuite name="TestDelegatesHowItWorks" tests="1" skipped="0" failures="0" errors="0" timestamp="2019-01-05T16:01:04" hostname="osboxes" time="0.052">
  <properties/>
  <testcase name="testDate" classname="TestDelegatesHowItWorks" time="0.052"/>
  <system-out><![CDATA[]]></system-out>
  <system-err><![CDATA[]]></system-err>
</testsuite>
