<?xml version="1.0" encoding="UTF-8"?>
<testsuite name="TestForLoop" tests="2" skipped="0" failures="0" errors="0" timestamp="2019-01-05T16:00:21" hostname="osboxes" time="0.059">
  <properties/>
  <testcase name="testIterateOverDateRange" classname="TestForLoop" time="0.053"/>
  <testcase name="testIterateOverEmptyRange" classname="TestForLoop" time="0.004"/>
  <system-out><![CDATA[]]></system-out>
  <system-err><![CDATA[]]></system-err>
</testsuite>
