<?xml version="1.0" encoding="UTF-8"?>
<testsuite name="TestExtensionFunctions" tests="2" skipped="0" failures="0" errors="0" timestamp="2019-01-05T16:00:39" hostname="osboxes" time="0.026">
  <properties/>
  <testcase name="testPairExtension" classname="TestExtensionFunctions" time="0.012"/>
  <testcase name="testIntExtension" classname="TestExtensionFunctions" time="0.001"/>
  <system-out><![CDATA[]]></system-out>
  <system-err><![CDATA[]]></system-err>
</testsuite>
