<?xml version="1.0" encoding="UTF-8"?>
<testsuite name="TestExtensionsOnCollections" tests="4" skipped="0" failures="0" errors="0" timestamp="2019-01-05T15:59:57" hostname="osboxes" time="0.031">
  <properties/>
  <testcase name="testSimpleCollection" classname="TestExtensionsOnCollections" time="0.027"/>
  <testcase name="testCollectionWithEmptyStrings" classname="TestExtensionsOnCollections" time="0.001"/>
  <testcase name="testCollectionWithTwoGroupsOfMaximalSize" classname="TestExtensionsOnCollections" time="0.0"/>
  <testcase name="testCollectionOfOneElement" classname="TestExtensionsOnCollections" time="0.001"/>
  <system-out><![CDATA[]]></system-out>
  <system-err><![CDATA[]]></system-err>
</testsuite>
