<?xml version="1.0" encoding="UTF-8"?>
<testsuite name="TestGroupBy" tests="1" skipped="0" failures="0" errors="0" timestamp="2019-01-05T16:00:00" hostname="osboxes" time="0.057">
  <properties/>
  <testcase name="testGroupCustomersByCity" classname="TestGroupBy" time="0.057"/>
  <system-out><![CDATA[]]></system-out>
  <system-err><![CDATA[]]></system-err>
</testsuite>
